Arguments: 
  /Users/xinbiguo/.nvm/versions/node/v17.9.0/bin/node /Users/xinbiguo/.nvm/versions/node/v17.9.0/bin/yarn add parcel

PATH: 
  /Users/xinbiguo/.nvm/versions/node/v17.9.0/bin:/usr/local/bin:/usr/bin:/bin:/usr/sbin:/sbin:/opt/X11/bin:/Library/Apple/usr/bin:/Users/xinbiguo/.nvm/versions/node/v17.9.0/bin:/Users/xinbiguo/.cargo/bin:/Users/xinbiguo/.oh-my-zsh/custom/plugins/fzf-zsh-plugin/bin:/Users/xinbiguo/.fzf/bin:/usr/local/go/bin:/opt/homebrew/bin:/Users/xinbiguo/Library/Python/3.8/bin:/Users/xinbiguo/Documents/go/bin:/Users/xinbiguo/.oh-my-zsh/custom/plugins/fzf-zsh-plugin/bin:/usr/local/go/bin:/Users/xinbiguo/.cargo/bin:/opt/homebrew/bin:/usr/local/bin:/usr/bin:/bin:/usr/sbin:/sbin:/opt/X11/bin:/Library/Apple/usr/bin:/Users/xinbiguo/.nvm/versions/node/v17.9.0/bin:/Users/xinbiguo/.cargo/bin:/Users/xinbiguo/.oh-my-zsh/custom/plugins/fzf-zsh-plugin/bin:/Users/xinbiguo/.fzf/bin:/usr/local/go/bin:/opt/homebrew/bin:/Users/xinbiguo/Library/Python/3.8/bin:/Users/xinbiguo/Documents/go/bin:/Users/xinbiguo/.oh-my-zsh/custom/plugins/fzf-zsh-plugin/bin:/Users/xinbiguo/Library/Python/3.8/bin:/Users/xinbiguo/Documents/go/bin

Yarn version: 
  1.22.18

Node version: 
  17.9.0

Platform: 
  darwin arm64

Trace: 
  Error: https://registry.yarnpkg.com/@walletconnect%2fweb3-provider: tunneling socket could not be established, cause=connect ECONNREFUSED ::1:1081
      at ClientRequest.onError (/Users/xinbiguo/.nvm/versions/node/v17.9.0/lib/node_modules/yarn/lib/cli.js:152369:17)
      at Object.onceWrapper (node:events:642:26)
      at ClientRequest.emit (node:events:527:28)
      at Socket.socketErrorListener (node:_http_client:454:9)
      at Socket.emit (node:events:527:28)
      at emitErrorNT (node:internal/streams/destroy:164:8)
      at emitErrorCloseNT (node:internal/streams/destroy:129:3)
      at processTicksAndRejections (node:internal/process/task_queues:83:21)

npm manifest: 
  {
    "name": "dapp",
    "source": "src/index.html",
    "scripts": {
      "start": "parcel",
      "build": "parcel build"
    },
    "dependencies": {
      "@walletconnect/web3-provider": "^1.7.8",
      "web3": "^1.7.3",
      "web3modal": "^1.9.7"
    },
    "devDependencies": {
      "parcel": "^2.6.0"
    }
  }

yarn manifest: 
  No manifest

Lockfile: 
  No lockfile
